[2016-07-10 03:03:14] local.ERROR: exception 'GuzzleHttp\Exception\ServerException' with message 'Server error response [url] http://localhost:8086/index.php/college/export_test_report [status code] 500 [reason phrase] Internal Server Error' in C:\xampp\htdocs\onlinetest\OnlineTestWeb\vendor\guzzlehttp\guzzle\src\Exception\RequestException.php:89
Stack trace:
#0 C:\xampp\htdocs\onlinetest\OnlineTestWeb\vendor\guzzlehttp\guzzle\src\Subscriber\HttpError.php(33): GuzzleHttp\Exception\RequestException::create(Object(GuzzleHttp\Message\Request), Object(GuzzleHttp\Message\Response))
#1 C:\xampp\htdocs\onlinetest\OnlineTestWeb\vendor\guzzlehttp\guzzle\src\Event\Emitter.php(109): GuzzleHttp\Subscriber\HttpError->onComplete(Object(GuzzleHttp\Event\CompleteEvent), 'complete')
#2 C:\xampp\htdocs\onlinetest\OnlineTestWeb\vendor\guzzlehttp\guzzle\src\RequestFsm.php(91): GuzzleHttp\Event\Emitter->emit('complete', Object(GuzzleHttp\Event\CompleteEvent))
#3 C:\xampp\htdocs\onlinetest\OnlineTestWeb\vendor\guzzlehttp\guzzle\src\RequestFsm.php(132): GuzzleHttp\RequestFsm->__invoke(Object(GuzzleHttp\Transaction))
#4 C:\xampp\htdocs\onlinetest\OnlineTestWeb\vendor\react\promise\src\FulfilledPromise.php(24): GuzzleHttp\RequestFsm->GuzzleHttp\{closure}(Array)
#5 C:\xampp\htdocs\onlinetest\OnlineTestWeb\vendor\guzzlehttp\ringphp\src\Future\CompletedFutureValue.php(55): React\Promise\FulfilledPromise->then(Object(Closure), NULL, NULL)
#6 C:\xampp\htdocs\onlinetest\OnlineTestWeb\vendor\guzzlehttp\guzzle\src\Message\FutureResponse.php(43): GuzzleHttp\Ring\Future\CompletedFutureValue->then(Object(Closure), NULL, NULL)
#7 C:\xampp\htdocs\onlinetest\OnlineTestWeb\vendor\guzzlehttp\guzzle\src\RequestFsm.php(135): GuzzleHttp\Message\FutureResponse::proxy(Object(GuzzleHttp\Ring\Future\CompletedFutureArray), Object(Closure))
#8 C:\xampp\htdocs\onlinetest\OnlineTestWeb\vendor\guzzlehttp\guzzle\src\Client.php(165): GuzzleHttp\RequestFsm->__invoke(Object(GuzzleHttp\Transaction))
#9 C:\xampp\htdocs\onlinetest\OnlineTestWeb\app\Services\APIService.php(60): GuzzleHttp\Client->send(Object(GuzzleHttp\Message\Request))
#10 C:\xampp\htdocs\onlinetest\OnlineTestWeb\app\Services\APIService.php(23): App\Services\APIService->_request('/college/export...', 'POST', '4')
#11 C:\xampp\htdocs\onlinetest\OnlineTestWeb\app\Modules\College\Controllers\CollegeController.php(1229): App\Services\APIService->request('/college/export...', 'POST', '4')
#12 [internal function]: App\Modules\College\Controllers\CollegeController->export_test_report(Object(Illuminate\Http\Request), '4')
#13 C:\xampp\htdocs\onlinetest\OnlineTestWeb\vendor\laravel\framework\src\Illuminate\Routing\Controller.php(246): call_user_func_array(Array, Array)
#14 C:\xampp\htdocs\onlinetest\OnlineTestWeb\vendor\laravel\framework\src\Illuminate\Routing\ControllerDispatcher.php(162): Illuminate\Routing\Controller->callAction('export_test_rep...', Array)
#15 C:\xampp\htdocs\onlinetest\OnlineTestWeb\vendor\laravel\framework\src\Illuminate\Routing\ControllerDispatcher.php(107): Illuminate\Routing\ControllerDispatcher->call(Object(App\Modules\College\Controllers\CollegeController), Object(Illuminate\Routing\Route), 'export_test_rep...')
#16 [internal function]: Illuminate\Routing\ControllerDispatcher->Illuminate\Routing\{closure}(Object(Illuminate\Http\Request))
#17 C:\xampp\htdocs\onlinetest\OnlineTestWeb\vendor\laravel\framework\src\Illuminate\Pipeline\Pipeline.php(141): call_user_func(Object(Closure), Object(Illuminate\Http\Request))
#18 [internal function]: Illuminate\Pipeline\Pipeline->Illuminate\Pipeline\{closure}(Object(Illuminate\Http\Request))
#19 C:\xampp\htdocs\onlinetest\OnlineTestWeb\vendor\laravel\framework\src\Illuminate\Pipeline\Pipeline.php(101): call_user_func(Object(Closure), Object(Illuminate\Http\Request))
#20 C:\xampp\htdocs\onlinetest\OnlineTestWeb\vendor\laravel\framework\src\Illuminate\Routing\ControllerDispatcher.php(108): Illuminate\Pipeline\Pipeline->then(Object(Closure))
#21 C:\xampp\htdocs\onlinetest\OnlineTestWeb\vendor\laravel\framework\src\Illuminate\Routing\ControllerDispatcher.php(67): Illuminate\Routing\ControllerDispatcher->callWithinStack(Object(App\Modules\College\Controllers\CollegeController), Object(Illuminate\Routing\Route), Object(Illuminate\Http\Request), 'export_test_rep...')
#22 C:\xampp\htdocs\onlinetest\OnlineTestWeb\vendor\laravel\framework\src\Illuminate\Routing\Route.php(204): Illuminate\Routing\ControllerDispatcher->dispatch(Object(Illuminate\Routing\Route), Object(Illuminate\Http\Request), 'App\\Modules\\Col...', 'export_test_rep...')
#23 C:\xampp\htdocs\onlinetest\OnlineTestWeb\vendor\laravel\framework\src\Illuminate\Routing\Route.php(134): Illuminate\Routing\Route->runWithCustomDispatcher(Object(Illuminate\Http\Request))
#24 C:\xampp\htdocs\onlinetest\OnlineTestWeb\vendor\laravel\framework\src\Illuminate\Routing\Router.php(701): Illuminate\Routing\Route->run(Object(Illuminate\Http\Request))
#25 [internal function]: Illuminate\Routing\Router->Illuminate\Routing\{closure}(Object(Illuminate\Http\Request))
#26 C:\xampp\htdocs\onlinetest\OnlineTestWeb\vendor\laravel\framework\src\Illuminate\Pipeline\Pipeline.php(141): call_user_func(Object(Closure), Object(Illuminate\Http\Request))
#27 [internal function]: Illuminate\Pipeline\Pipeline->Illuminate\Pipeline\{closure}(Object(Illuminate\Http\Request))
#28 C:\xampp\htdocs\onlinetest\OnlineTestWeb\vendor\laravel\framework\src\Illuminate\Pipeline\Pipeline.php(101): call_user_func(Object(Closure), Object(Illuminate\Http\Request))
#29 C:\xampp\htdocs\onlinetest\OnlineTestWeb\vendor\laravel\framework\src\Illuminate\Routing\Router.php(703): Illuminate\Pipeline\Pipeline->then(Object(Closure))
#30 C:\xampp\htdocs\onlinetest\OnlineTestWeb\vendor\laravel\framework\src\Illuminate\Routing\Router.php(670): Illuminate\Routing\Router->runRouteWithinStack(Object(Illuminate\Routing\Route), Object(Illuminate\Http\Request))
#31 C:\xampp\htdocs\onlinetest\OnlineTestWeb\vendor\laravel\framework\src\Illuminate\Routing\Router.php(628): Illuminate\Routing\Router->dispatchToRoute(Object(Illuminate\Http\Request))
#32 C:\xampp\htdocs\onlinetest\OnlineTestWeb\vendor\laravel\framework\src\Illuminate\Foundation\Http\Kernel.php(214): Illuminate\Routing\Router->dispatch(Object(Illuminate\Http\Request))
#33 [internal function]: Illuminate\Foundation\Http\Kernel->Illuminate\Foundation\Http\{closure}(Object(Illuminate\Http\Request))
#34 C:\xampp\htdocs\onlinetest\OnlineTestWeb\vendor\laravel\framework\src\Illuminate\Pipeline\Pipeline.php(141): call_user_func(Object(Closure), Object(Illuminate\Http\Request))
#35 C:\xampp\htdocs\onlinetest\OnlineTestWeb\vendor\laravel\framework\src\Illuminate\View\Middleware\ShareErrorsFromSession.php(55): Illuminate\Pipeline\Pipeline->Illuminate\Pipeline\{closure}(Object(Illuminate\Http\Request))
#36 C:\xampp\htdocs\onlinetest\OnlineTestWeb\vendor\laravel\framework\src\Illuminate\Pipeline\Pipeline.php(125): Illuminate\View\Middleware\ShareErrorsFromSession->handle(Object(Illuminate\Http\Request), Object(Closure))
#37 C:\xampp\htdocs\onlinetest\OnlineTestWeb\vendor\laravel\framework\src\Illuminate\Session\Middleware\StartSession.php(61): Illuminate\Pipeline\Pipeline->Illuminate\Pipeline\{closure}(Object(Illuminate\Http\Request))
#38 C:\xampp\htdocs\onlinetest\OnlineTestWeb\vendor\laravel\framework\src\Illuminate\Pipeline\Pipeline.php(125): Illuminate\Session\Middleware\StartSession->handle(Object(Illuminate\Http\Request), Object(Closure))
#39 C:\xampp\htdocs\onlinetest\OnlineTestWeb\vendor\laravel\framework\src\Illuminate\Cookie\Middleware\AddQueuedCookiesToResponse.php(36): Illuminate\Pipeline\Pipeline->Illuminate\Pipeline\{closure}(Object(Illuminate\Http\Request))
#40 C:\xampp\htdocs\onlinetest\OnlineTestWeb\vendor\laravel\framework\src\Illuminate\Pipeline\Pipeline.php(125): Illuminate\Cookie\Middleware\AddQueuedCookiesToResponse->handle(Object(Illuminate\Http\Request), Object(Closure))
#41 C:\xampp\htdocs\onlinetest\OnlineTestWeb\vendor\laravel\framework\src\Illuminate\Cookie\Middleware\EncryptCookies.php(40): Illuminate\Pipeline\Pipeline->Illuminate\Pipeline\{closure}(Object(Illuminate\Http\Request))
#42 C:\xampp\htdocs\onlinetest\OnlineTestWeb\vendor\laravel\framework\src\Illuminate\Pipeline\Pipeline.php(125): Illuminate\Cookie\Middleware\EncryptCookies->handle(Object(Illuminate\Http\Request), Object(Closure))
#43 C:\xampp\htdocs\onlinetest\OnlineTestWeb\vendor\laravel\framework\src\Illuminate\Foundation\Http\Middleware\CheckForMaintenanceMode.php(42): Illuminate\Pipeline\Pipeline->Illuminate\Pipeline\{closure}(Object(Illuminate\Http\Request))
#44 C:\xampp\htdocs\onlinetest\OnlineTestWeb\vendor\laravel\framework\src\Illuminate\Pipeline\Pipeline.php(125): Illuminate\Foundation\Http\Middleware\CheckForMaintenanceMode->handle(Object(Illuminate\Http\Request), Object(Closure))
#45 [internal function]: Illuminate\Pipeline\Pipeline->Illuminate\Pipeline\{closure}(Object(Illuminate\Http\Request))
#46 C:\xampp\htdocs\onlinetest\OnlineTestWeb\vendor\laravel\framework\src\Illuminate\Pipeline\Pipeline.php(101): call_user_func(Object(Closure), Object(Illuminate\Http\Request))
#47 C:\xampp\htdocs\onlinetest\OnlineTestWeb\vendor\laravel\framework\src\Illuminate\Foundation\Http\Kernel.php(115): Illuminate\Pipeline\Pipeline->then(Object(Closure))
#48 C:\xampp\htdocs\onlinetest\OnlineTestWeb\vendor\laravel\framework\src\Illuminate\Foundation\Http\Kernel.php(84): Illuminate\Foundation\Http\Kernel->sendRequestThroughRouter(Object(Illuminate\Http\Request))
#49 C:\xampp\htdocs\onlinetest\OnlineTestWeb\public\index.php(55): Illuminate\Foundation\Http\Kernel->handle(Object(Illuminate\Http\Request))
#50 {main}  
[2016-07-10 03:03:33] local.ERROR: exception 'GuzzleHttp\Exception\ServerException' with message 'Server error response [url] http://localhost:8086/index.php/college/export_test_report [status code] 500 [reason phrase] Internal Server Error' in C:\xampp\htdocs\onlinetest\OnlineTestWeb\vendor\guzzlehttp\guzzle\src\Exception\RequestException.php:89
Stack trace:
#0 C:\xampp\htdocs\onlinetest\OnlineTestWeb\vendor\guzzlehttp\guzzle\src\Subscriber\HttpError.php(33): GuzzleHttp\Exception\RequestException::create(Object(GuzzleHttp\Message\Request), Object(GuzzleHttp\Message\Response))
#1 C:\xampp\htdocs\onlinetest\OnlineTestWeb\vendor\guzzlehttp\guzzle\src\Event\Emitter.php(109): GuzzleHttp\Subscriber\HttpError->onComplete(Object(GuzzleHttp\Event\CompleteEvent), 'complete')
#2 C:\xampp\htdocs\onlinetest\OnlineTestWeb\vendor\guzzlehttp\guzzle\src\RequestFsm.php(91): GuzzleHttp\Event\Emitter->emit('complete', Object(GuzzleHttp\Event\CompleteEvent))
#3 C:\xampp\htdocs\onlinetest\OnlineTestWeb\vendor\guzzlehttp\guzzle\src\RequestFsm.php(132): GuzzleHttp\RequestFsm->__invoke(Object(GuzzleHttp\Transaction))
#4 C:\xampp\htdocs\onlinetest\OnlineTestWeb\vendor\react\promise\src\FulfilledPromise.php(24): GuzzleHttp\RequestFsm->GuzzleHttp\{closure}(Array)
#5 C:\xampp\htdocs\onlinetest\OnlineTestWeb\vendor\guzzlehttp\ringphp\src\Future\CompletedFutureValue.php(55): React\Promise\FulfilledPromise->then(Object(Closure), NULL, NULL)
#6 C:\xampp\htdocs\onlinetest\OnlineTestWeb\vendor\guzzlehttp\guzzle\src\Message\FutureResponse.php(43): GuzzleHttp\Ring\Future\CompletedFutureValue->then(Object(Closure), NULL, NULL)
#7 C:\xampp\htdocs\onlinetest\OnlineTestWeb\vendor\guzzlehttp\guzzle\src\RequestFsm.php(135): GuzzleHttp\Message\FutureResponse::proxy(Object(GuzzleHttp\Ring\Future\CompletedFutureArray), Object(Closure))
#8 C:\xampp\htdocs\onlinetest\OnlineTestWeb\vendor\guzzlehttp\guzzle\src\Client.php(165): GuzzleHttp\RequestFsm->__invoke(Object(GuzzleHttp\Transaction))
#9 C:\xampp\htdocs\onlinetest\OnlineTestWeb\app\Services\APIService.php(60): GuzzleHttp\Client->send(Object(GuzzleHttp\Message\Request))
#10 C:\xampp\htdocs\onlinetest\OnlineTestWeb\app\Services\APIService.php(23): App\Services\APIService->_request('/college/export...', 'POST', '3')
#11 C:\xampp\htdocs\onlinetest\OnlineTestWeb\app\Modules\College\Controllers\CollegeController.php(1229): App\Services\APIService->request('/college/export...', 'POST', '3')
#12 [internal function]: App\Modules\College\Controllers\CollegeController->export_test_report(Object(Illuminate\Http\Request), '3')
#13 C:\xampp\htdocs\onlinetest\OnlineTestWeb\vendor\laravel\framework\src\Illuminate\Routing\Controller.php(246): call_user_func_array(Array, Array)
#14 C:\xampp\htdocs\onlinetest\OnlineTestWeb\vendor\laravel\framework\src\Illuminate\Routing\ControllerDispatcher.php(162): Illuminate\Routing\Controller->callAction('export_test_rep...', Array)
#15 C:\xampp\htdocs\onlinetest\OnlineTestWeb\vendor\laravel\framework\src\Illuminate\Routing\ControllerDispatcher.php(107): Illuminate\Routing\ControllerDispatcher->call(Object(App\Modules\College\Controllers\CollegeController), Object(Illuminate\Routing\Route), 'export_test_rep...')
#16 [internal function]: Illuminate\Routing\ControllerDispatcher->Illuminate\Routing\{closure}(Object(Illuminate\Http\Request))
#17 C:\xampp\htdocs\onlinetest\OnlineTestWeb\vendor\laravel\framework\src\Illuminate\Pipeline\Pipeline.php(141): call_user_func(Object(Closure), Object(Illuminate\Http\Request))
#18 [internal function]: Illuminate\Pipeline\Pipeline->Illuminate\Pipeline\{closure}(Object(Illuminate\Http\Request))
#19 C:\xampp\htdocs\onlinetest\OnlineTestWeb\vendor\laravel\framework\src\Illuminate\Pipeline\Pipeline.php(101): call_user_func(Object(Closure), Object(Illuminate\Http\Request))
#20 C:\xampp\htdocs\onlinetest\OnlineTestWeb\vendor\laravel\framework\src\Illuminate\Routing\ControllerDispatcher.php(108): Illuminate\Pipeline\Pipeline->then(Object(Closure))
#21 C:\xampp\htdocs\onlinetest\OnlineTestWeb\vendor\laravel\framework\src\Illuminate\Routing\ControllerDispatcher.php(67): Illuminate\Routing\ControllerDispatcher->callWithinStack(Object(App\Modules\College\Controllers\CollegeController), Object(Illuminate\Routing\Route), Object(Illuminate\Http\Request), 'export_test_rep...')
#22 C:\xampp\htdocs\onlinetest\OnlineTestWeb\vendor\laravel\framework\src\Illuminate\Routing\Route.php(204): Illuminate\Routing\ControllerDispatcher->dispatch(Object(Illuminate\Routing\Route), Object(Illuminate\Http\Request), 'App\\Modules\\Col...', 'export_test_rep...')
#23 C:\xampp\htdocs\onlinetest\OnlineTestWeb\vendor\laravel\framework\src\Illuminate\Routing\Route.php(134): Illuminate\Routing\Route->runWithCustomDispatcher(Object(Illuminate\Http\Request))
#24 C:\xampp\htdocs\onlinetest\OnlineTestWeb\vendor\laravel\framework\src\Illuminate\Routing\Router.php(701): Illuminate\Routing\Route->run(Object(Illuminate\Http\Request))
#25 [internal function]: Illuminate\Routing\Router->Illuminate\Routing\{closure}(Object(Illuminate\Http\Request))
#26 C:\xampp\htdocs\onlinetest\OnlineTestWeb\vendor\laravel\framework\src\Illuminate\Pipeline\Pipeline.php(141): call_user_func(Object(Closure), Object(Illuminate\Http\Request))
#27 [internal function]: Illuminate\Pipeline\Pipeline->Illuminate\Pipeline\{closure}(Object(Illuminate\Http\Request))
#28 C:\xampp\htdocs\onlinetest\OnlineTestWeb\vendor\laravel\framework\src\Illuminate\Pipeline\Pipeline.php(101): call_user_func(Object(Closure), Object(Illuminate\Http\Request))
#29 C:\xampp\htdocs\onlinetest\OnlineTestWeb\vendor\laravel\framework\src\Illuminate\Routing\Router.php(703): Illuminate\Pipeline\Pipeline->then(Object(Closure))
#30 C:\xampp\htdocs\onlinetest\OnlineTestWeb\vendor\laravel\framework\src\Illuminate\Routing\Router.php(670): Illuminate\Routing\Router->runRouteWithinStack(Object(Illuminate\Routing\Route), Object(Illuminate\Http\Request))
#31 C:\xampp\htdocs\onlinetest\OnlineTestWeb\vendor\laravel\framework\src\Illuminate\Routing\Router.php(628): Illuminate\Routing\Router->dispatchToRoute(Object(Illuminate\Http\Request))
#32 C:\xampp\htdocs\onlinetest\OnlineTestWeb\vendor\laravel\framework\src\Illuminate\Foundation\Http\Kernel.php(214): Illuminate\Routing\Router->dispatch(Object(Illuminate\Http\Request))
#33 [internal function]: Illuminate\Foundation\Http\Kernel->Illuminate\Foundation\Http\{closure}(Object(Illuminate\Http\Request))
#34 C:\xampp\htdocs\onlinetest\OnlineTestWeb\vendor\laravel\framework\src\Illuminate\Pipeline\Pipeline.php(141): call_user_func(Object(Closure), Object(Illuminate\Http\Request))
#35 C:\xampp\htdocs\onlinetest\OnlineTestWeb\vendor\laravel\framework\src\Illuminate\View\Middleware\ShareErrorsFromSession.php(55): Illuminate\Pipeline\Pipeline->Illuminate\Pipeline\{closure}(Object(Illuminate\Http\Request))
#36 C:\xampp\htdocs\onlinetest\OnlineTestWeb\vendor\laravel\framework\src\Illuminate\Pipeline\Pipeline.php(125): Illuminate\View\Middleware\ShareErrorsFromSession->handle(Object(Illuminate\Http\Request), Object(Closure))
#37 C:\xampp\htdocs\onlinetest\OnlineTestWeb\vendor\laravel\framework\src\Illuminate\Session\Middleware\StartSession.php(61): Illuminate\Pipeline\Pipeline->Illuminate\Pipeline\{closure}(Object(Illuminate\Http\Request))
#38 C:\xampp\htdocs\onlinetest\OnlineTestWeb\vendor\laravel\framework\src\Illuminate\Pipeline\Pipeline.php(125): Illuminate\Session\Middleware\StartSession->handle(Object(Illuminate\Http\Request), Object(Closure))
#39 C:\xampp\htdocs\onlinetest\OnlineTestWeb\vendor\laravel\framework\src\Illuminate\Cookie\Middleware\AddQueuedCookiesToResponse.php(36): Illuminate\Pipeline\Pipeline->Illuminate\Pipeline\{closure}(Object(Illuminate\Http\Request))
#40 C:\xampp\htdocs\onlinetest\OnlineTestWeb\vendor\laravel\framework\src\Illuminate\Pipeline\Pipeline.php(125): Illuminate\Cookie\Middleware\AddQueuedCookiesToResponse->handle(Object(Illuminate\Http\Request), Object(Closure))
#41 C:\xampp\htdocs\onlinetest\OnlineTestWeb\vendor\laravel\framework\src\Illuminate\Cookie\Middleware\EncryptCookies.php(40): Illuminate\Pipeline\Pipeline->Illuminate\Pipeline\{closure}(Object(Illuminate\Http\Request))
#42 C:\xampp\htdocs\onlinetest\OnlineTestWeb\vendor\laravel\framework\src\Illuminate\Pipeline\Pipeline.php(125): Illuminate\Cookie\Middleware\EncryptCookies->handle(Object(Illuminate\Http\Request), Object(Closure))
#43 C:\xampp\htdocs\onlinetest\OnlineTestWeb\vendor\laravel\framework\src\Illuminate\Foundation\Http\Middleware\CheckForMaintenanceMode.php(42): Illuminate\Pipeline\Pipeline->Illuminate\Pipeline\{closure}(Object(Illuminate\Http\Request))
#44 C:\xampp\htdocs\onlinetest\OnlineTestWeb\vendor\laravel\framework\src\Illuminate\Pipeline\Pipeline.php(125): Illuminate\Foundation\Http\Middleware\CheckForMaintenanceMode->handle(Object(Illuminate\Http\Request), Object(Closure))
#45 [internal function]: Illuminate\Pipeline\Pipeline->Illuminate\Pipeline\{closure}(Object(Illuminate\Http\Request))
#46 C:\xampp\htdocs\onlinetest\OnlineTestWeb\vendor\laravel\framework\src\Illuminate\Pipeline\Pipeline.php(101): call_user_func(Object(Closure), Object(Illuminate\Http\Request))
#47 C:\xampp\htdocs\onlinetest\OnlineTestWeb\vendor\laravel\framework\src\Illuminate\Foundation\Http\Kernel.php(115): Illuminate\Pipeline\Pipeline->then(Object(Closure))
#48 C:\xampp\htdocs\onlinetest\OnlineTestWeb\vendor\laravel\framework\src\Illuminate\Foundation\Http\Kernel.php(84): Illuminate\Foundation\Http\Kernel->sendRequestThroughRouter(Object(Illuminate\Http\Request))
#49 C:\xampp\htdocs\onlinetest\OnlineTestWeb\public\index.php(55): Illuminate\Foundation\Http\Kernel->handle(Object(Illuminate\Http\Request))
#50 {main}  
[2016-07-10 03:05:23] local.ERROR: exception 'GuzzleHttp\Exception\ServerException' with message 'Server error response [url] http://localhost:8086/index.php/college/export_test_report [status code] 500 [reason phrase] Internal Server Error' in C:\xampp\htdocs\onlinetest\OnlineTestWeb\vendor\guzzlehttp\guzzle\src\Exception\RequestException.php:89
Stack trace:
#0 C:\xampp\htdocs\onlinetest\OnlineTestWeb\vendor\guzzlehttp\guzzle\src\Subscriber\HttpError.php(33): GuzzleHttp\Exception\RequestException::create(Object(GuzzleHttp\Message\Request), Object(GuzzleHttp\Message\Response))
#1 C:\xampp\htdocs\onlinetest\OnlineTestWeb\vendor\guzzlehttp\guzzle\src\Event\Emitter.php(109): GuzzleHttp\Subscriber\HttpError->onComplete(Object(GuzzleHttp\Event\CompleteEvent), 'complete')
#2 C:\xampp\htdocs\onlinetest\OnlineTestWeb\vendor\guzzlehttp\guzzle\src\RequestFsm.php(91): GuzzleHttp\Event\Emitter->emit('complete', Object(GuzzleHttp\Event\CompleteEvent))
#3 C:\xampp\htdocs\onlinetest\OnlineTestWeb\vendor\guzzlehttp\guzzle\src\RequestFsm.php(132): GuzzleHttp\RequestFsm->__invoke(Object(GuzzleHttp\Transaction))
#4 C:\xampp\htdocs\onlinetest\OnlineTestWeb\vendor\react\promise\src\FulfilledPromise.php(24): GuzzleHttp\RequestFsm->GuzzleHttp\{closure}(Array)
#5 C:\xampp\htdocs\onlinetest\OnlineTestWeb\vendor\guzzlehttp\ringphp\src\Future\CompletedFutureValue.php(55): React\Promise\FulfilledPromise->then(Object(Closure), NULL, NULL)
#6 C:\xampp\htdocs\onlinetest\OnlineTestWeb\vendor\guzzlehttp\guzzle\src\Message\FutureResponse.php(43): GuzzleHttp\Ring\Future\CompletedFutureValue->then(Object(Closure), NULL, NULL)
#7 C:\xampp\htdocs\onlinetest\OnlineTestWeb\vendor\guzzlehttp\guzzle\src\RequestFsm.php(135): GuzzleHttp\Message\FutureResponse::proxy(Object(GuzzleHttp\Ring\Future\CompletedFutureArray), Object(Closure))
#8 C:\xampp\htdocs\onlinetest\OnlineTestWeb\vendor\guzzlehttp\guzzle\src\Client.php(165): GuzzleHttp\RequestFsm->__invoke(Object(GuzzleHttp\Transaction))
#9 C:\xampp\htdocs\onlinetest\OnlineTestWeb\app\Services\APIService.php(60): GuzzleHttp\Client->send(Object(GuzzleHttp\Message\Request))
#10 C:\xampp\htdocs\onlinetest\OnlineTestWeb\app\Services\APIService.php(23): App\Services\APIService->_request('/college/export...', 'POST', '1')
#11 C:\xampp\htdocs\onlinetest\OnlineTestWeb\app\Modules\College\Controllers\CollegeController.php(1229): App\Services\APIService->request('/college/export...', 'POST', '1')
#12 [internal function]: App\Modules\College\Controllers\CollegeController->export_test_report(Object(Illuminate\Http\Request), '1')
#13 C:\xampp\htdocs\onlinetest\OnlineTestWeb\vendor\laravel\framework\src\Illuminate\Routing\Controller.php(246): call_user_func_array(Array, Array)
#14 C:\xampp\htdocs\onlinetest\OnlineTestWeb\vendor\laravel\framework\src\Illuminate\Routing\ControllerDispatcher.php(162): Illuminate\Routing\Controller->callAction('export_test_rep...', Array)
#15 C:\xampp\htdocs\onlinetest\OnlineTestWeb\vendor\laravel\framework\src\Illuminate\Routing\ControllerDispatcher.php(107): Illuminate\Routing\ControllerDispatcher->call(Object(App\Modules\College\Controllers\CollegeController), Object(Illuminate\Routing\Route), 'export_test_rep...')
#16 [internal function]: Illuminate\Routing\ControllerDispatcher->Illuminate\Routing\{closure}(Object(Illuminate\Http\Request))
#17 C:\xampp\htdocs\onlinetest\OnlineTestWeb\vendor\laravel\framework\src\Illuminate\Pipeline\Pipeline.php(141): call_user_func(Object(Closure), Object(Illuminate\Http\Request))
#18 [internal function]: Illuminate\Pipeline\Pipeline->Illuminate\Pipeline\{closure}(Object(Illuminate\Http\Request))
#19 C:\xampp\htdocs\onlinetest\OnlineTestWeb\vendor\laravel\framework\src\Illuminate\Pipeline\Pipeline.php(101): call_user_func(Object(Closure), Object(Illuminate\Http\Request))
#20 C:\xampp\htdocs\onlinetest\OnlineTestWeb\vendor\laravel\framework\src\Illuminate\Routing\ControllerDispatcher.php(108): Illuminate\Pipeline\Pipeline->then(Object(Closure))
#21 C:\xampp\htdocs\onlinetest\OnlineTestWeb\vendor\laravel\framework\src\Illuminate\Routing\ControllerDispatcher.php(67): Illuminate\Routing\ControllerDispatcher->callWithinStack(Object(App\Modules\College\Controllers\CollegeController), Object(Illuminate\Routing\Route), Object(Illuminate\Http\Request), 'export_test_rep...')
#22 C:\xampp\htdocs\onlinetest\OnlineTestWeb\vendor\laravel\framework\src\Illuminate\Routing\Route.php(204): Illuminate\Routing\ControllerDispatcher->dispatch(Object(Illuminate\Routing\Route), Object(Illuminate\Http\Request), 'App\\Modules\\Col...', 'export_test_rep...')
#23 C:\xampp\htdocs\onlinetest\OnlineTestWeb\vendor\laravel\framework\src\Illuminate\Routing\Route.php(134): Illuminate\Routing\Route->runWithCustomDispatcher(Object(Illuminate\Http\Request))
#24 C:\xampp\htdocs\onlinetest\OnlineTestWeb\vendor\laravel\framework\src\Illuminate\Routing\Router.php(701): Illuminate\Routing\Route->run(Object(Illuminate\Http\Request))
#25 [internal function]: Illuminate\Routing\Router->Illuminate\Routing\{closure}(Object(Illuminate\Http\Request))
#26 C:\xampp\htdocs\onlinetest\OnlineTestWeb\vendor\laravel\framework\src\Illuminate\Pipeline\Pipeline.php(141): call_user_func(Object(Closure), Object(Illuminate\Http\Request))
#27 [internal function]: Illuminate\Pipeline\Pipeline->Illuminate\Pipeline\{closure}(Object(Illuminate\Http\Request))
#28 C:\xampp\htdocs\onlinetest\OnlineTestWeb\vendor\laravel\framework\src\Illuminate\Pipeline\Pipeline.php(101): call_user_func(Object(Closure), Object(Illuminate\Http\Request))
#29 C:\xampp\htdocs\onlinetest\OnlineTestWeb\vendor\laravel\framework\src\Illuminate\Routing\Router.php(703): Illuminate\Pipeline\Pipeline->then(Object(Closure))
#30 C:\xampp\htdocs\onlinetest\OnlineTestWeb\vendor\laravel\framework\src\Illuminate\Routing\Router.php(670): Illuminate\Routing\Router->runRouteWithinStack(Object(Illuminate\Routing\Route), Object(Illuminate\Http\Request))
#31 C:\xampp\htdocs\onlinetest\OnlineTestWeb\vendor\laravel\framework\src\Illuminate\Routing\Router.php(628): Illuminate\Routing\Router->dispatchToRoute(Object(Illuminate\Http\Request))
#32 C:\xampp\htdocs\onlinetest\OnlineTestWeb\vendor\laravel\framework\src\Illuminate\Foundation\Http\Kernel.php(214): Illuminate\Routing\Router->dispatch(Object(Illuminate\Http\Request))
#33 [internal function]: Illuminate\Foundation\Http\Kernel->Illuminate\Foundation\Http\{closure}(Object(Illuminate\Http\Request))
#34 C:\xampp\htdocs\onlinetest\OnlineTestWeb\vendor\laravel\framework\src\Illuminate\Pipeline\Pipeline.php(141): call_user_func(Object(Closure), Object(Illuminate\Http\Request))
#35 C:\xampp\htdocs\onlinetest\OnlineTestWeb\vendor\laravel\framework\src\Illuminate\View\Middleware\ShareErrorsFromSession.php(55): Illuminate\Pipeline\Pipeline->Illuminate\Pipeline\{closure}(Object(Illuminate\Http\Request))
#36 C:\xampp\htdocs\onlinetest\OnlineTestWeb\vendor\laravel\framework\src\Illuminate\Pipeline\Pipeline.php(125): Illuminate\View\Middleware\ShareErrorsFromSession->handle(Object(Illuminate\Http\Request), Object(Closure))
#37 C:\xampp\htdocs\onlinetest\OnlineTestWeb\vendor\laravel\framework\src\Illuminate\Session\Middleware\StartSession.php(61): Illuminate\Pipeline\Pipeline->Illuminate\Pipeline\{closure}(Object(Illuminate\Http\Request))
#38 C:\xampp\htdocs\onlinetest\OnlineTestWeb\vendor\laravel\framework\src\Illuminate\Pipeline\Pipeline.php(125): Illuminate\Session\Middleware\StartSession->handle(Object(Illuminate\Http\Request), Object(Closure))
#39 C:\xampp\htdocs\onlinetest\OnlineTestWeb\vendor\laravel\framework\src\Illuminate\Cookie\Middleware\AddQueuedCookiesToResponse.php(36): Illuminate\Pipeline\Pipeline->Illuminate\Pipeline\{closure}(Object(Illuminate\Http\Request))
#40 C:\xampp\htdocs\onlinetest\OnlineTestWeb\vendor\laravel\framework\src\Illuminate\Pipeline\Pipeline.php(125): Illuminate\Cookie\Middleware\AddQueuedCookiesToResponse->handle(Object(Illuminate\Http\Request), Object(Closure))
#41 C:\xampp\htdocs\onlinetest\OnlineTestWeb\vendor\laravel\framework\src\Illuminate\Cookie\Middleware\EncryptCookies.php(40): Illuminate\Pipeline\Pipeline->Illuminate\Pipeline\{closure}(Object(Illuminate\Http\Request))
#42 C:\xampp\htdocs\onlinetest\OnlineTestWeb\vendor\laravel\framework\src\Illuminate\Pipeline\Pipeline.php(125): Illuminate\Cookie\Middleware\EncryptCookies->handle(Object(Illuminate\Http\Request), Object(Closure))
#43 C:\xampp\htdocs\onlinetest\OnlineTestWeb\vendor\laravel\framework\src\Illuminate\Foundation\Http\Middleware\CheckForMaintenanceMode.php(42): Illuminate\Pipeline\Pipeline->Illuminate\Pipeline\{closure}(Object(Illuminate\Http\Request))
#44 C:\xampp\htdocs\onlinetest\OnlineTestWeb\vendor\laravel\framework\src\Illuminate\Pipeline\Pipeline.php(125): Illuminate\Foundation\Http\Middleware\CheckForMaintenanceMode->handle(Object(Illuminate\Http\Request), Object(Closure))
#45 [internal function]: Illuminate\Pipeline\Pipeline->Illuminate\Pipeline\{closure}(Object(Illuminate\Http\Request))
#46 C:\xampp\htdocs\onlinetest\OnlineTestWeb\vendor\laravel\framework\src\Illuminate\Pipeline\Pipeline.php(101): call_user_func(Object(Closure), Object(Illuminate\Http\Request))
#47 C:\xampp\htdocs\onlinetest\OnlineTestWeb\vendor\laravel\framework\src\Illuminate\Foundation\Http\Kernel.php(115): Illuminate\Pipeline\Pipeline->then(Object(Closure))
#48 C:\xampp\htdocs\onlinetest\OnlineTestWeb\vendor\laravel\framework\src\Illuminate\Foundation\Http\Kernel.php(84): Illuminate\Foundation\Http\Kernel->sendRequestThroughRouter(Object(Illuminate\Http\Request))
#49 C:\xampp\htdocs\onlinetest\OnlineTestWeb\public\index.php(55): Illuminate\Foundation\Http\Kernel->handle(Object(Illuminate\Http\Request))
#50 {main}  
[2016-07-10 03:07:03] local.ERROR: exception 'GuzzleHttp\Exception\ServerException' with message 'Server error response [url] http://localhost:8086/index.php/college/export_test_report [status code] 500 [reason phrase] Internal Server Error' in C:\xampp\htdocs\onlinetest\OnlineTestWeb\vendor\guzzlehttp\guzzle\src\Exception\RequestException.php:89
Stack trace:
#0 C:\xampp\htdocs\onlinetest\OnlineTestWeb\vendor\guzzlehttp\guzzle\src\Subscriber\HttpError.php(33): GuzzleHttp\Exception\RequestException::create(Object(GuzzleHttp\Message\Request), Object(GuzzleHttp\Message\Response))
#1 C:\xampp\htdocs\onlinetest\OnlineTestWeb\vendor\guzzlehttp\guzzle\src\Event\Emitter.php(109): GuzzleHttp\Subscriber\HttpError->onComplete(Object(GuzzleHttp\Event\CompleteEvent), 'complete')
#2 C:\xampp\htdocs\onlinetest\OnlineTestWeb\vendor\guzzlehttp\guzzle\src\RequestFsm.php(91): GuzzleHttp\Event\Emitter->emit('complete', Object(GuzzleHttp\Event\CompleteEvent))
#3 C:\xampp\htdocs\onlinetest\OnlineTestWeb\vendor\guzzlehttp\guzzle\src\RequestFsm.php(132): GuzzleHttp\RequestFsm->__invoke(Object(GuzzleHttp\Transaction))
#4 C:\xampp\htdocs\onlinetest\OnlineTestWeb\vendor\react\promise\src\FulfilledPromise.php(24): GuzzleHttp\RequestFsm->GuzzleHttp\{closure}(Array)
#5 C:\xampp\htdocs\onlinetest\OnlineTestWeb\vendor\guzzlehttp\ringphp\src\Future\CompletedFutureValue.php(55): React\Promise\FulfilledPromise->then(Object(Closure), NULL, NULL)
#6 C:\xampp\htdocs\onlinetest\OnlineTestWeb\vendor\guzzlehttp\guzzle\src\Message\FutureResponse.php(43): GuzzleHttp\Ring\Future\CompletedFutureValue->then(Object(Closure), NULL, NULL)
#7 C:\xampp\htdocs\onlinetest\OnlineTestWeb\vendor\guzzlehttp\guzzle\src\RequestFsm.php(135): GuzzleHttp\Message\FutureResponse::proxy(Object(GuzzleHttp\Ring\Future\CompletedFutureArray), Object(Closure))
#8 C:\xampp\htdocs\onlinetest\OnlineTestWeb\vendor\guzzlehttp\guzzle\src\Client.php(165): GuzzleHttp\RequestFsm->__invoke(Object(GuzzleHttp\Transaction))
#9 C:\xampp\htdocs\onlinetest\OnlineTestWeb\app\Services\APIService.php(60): GuzzleHttp\Client->send(Object(GuzzleHttp\Message\Request))
#10 C:\xampp\htdocs\onlinetest\OnlineTestWeb\app\Services\APIService.php(23): App\Services\APIService->_request('/college/export...', 'POST', '1')
#11 C:\xampp\htdocs\onlinetest\OnlineTestWeb\app\Modules\College\Controllers\CollegeController.php(1229): App\Services\APIService->request('/college/export...', 'POST', '1')
#12 [internal function]: App\Modules\College\Controllers\CollegeController->export_test_report(Object(Illuminate\Http\Request), '1')
#13 C:\xampp\htdocs\onlinetest\OnlineTestWeb\vendor\laravel\framework\src\Illuminate\Routing\Controller.php(246): call_user_func_array(Array, Array)
#14 C:\xampp\htdocs\onlinetest\OnlineTestWeb\vendor\laravel\framework\src\Illuminate\Routing\ControllerDispatcher.php(162): Illuminate\Routing\Controller->callAction('export_test_rep...', Array)
#15 C:\xampp\htdocs\onlinetest\OnlineTestWeb\vendor\laravel\framework\src\Illuminate\Routing\ControllerDispatcher.php(107): Illuminate\Routing\ControllerDispatcher->call(Object(App\Modules\College\Controllers\CollegeController), Object(Illuminate\Routing\Route), 'export_test_rep...')
#16 [internal function]: Illuminate\Routing\ControllerDispatcher->Illuminate\Routing\{closure}(Object(Illuminate\Http\Request))
#17 C:\xampp\htdocs\onlinetest\OnlineTestWeb\vendor\laravel\framework\src\Illuminate\Pipeline\Pipeline.php(141): call_user_func(Object(Closure), Object(Illuminate\Http\Request))
#18 [internal function]: Illuminate\Pipeline\Pipeline->Illuminate\Pipeline\{closure}(Object(Illuminate\Http\Request))
#19 C:\xampp\htdocs\onlinetest\OnlineTestWeb\vendor\laravel\framework\src\Illuminate\Pipeline\Pipeline.php(101): call_user_func(Object(Closure), Object(Illuminate\Http\Request))
#20 C:\xampp\htdocs\onlinetest\OnlineTestWeb\vendor\laravel\framework\src\Illuminate\Routing\ControllerDispatcher.php(108): Illuminate\Pipeline\Pipeline->then(Object(Closure))
#21 C:\xampp\htdocs\onlinetest\OnlineTestWeb\vendor\laravel\framework\src\Illuminate\Routing\ControllerDispatcher.php(67): Illuminate\Routing\ControllerDispatcher->callWithinStack(Object(App\Modules\College\Controllers\CollegeController), Object(Illuminate\Routing\Route), Object(Illuminate\Http\Request), 'export_test_rep...')
#22 C:\xampp\htdocs\onlinetest\OnlineTestWeb\vendor\laravel\framework\src\Illuminate\Routing\Route.php(204): Illuminate\Routing\ControllerDispatcher->dispatch(Object(Illuminate\Routing\Route), Object(Illuminate\Http\Request), 'App\\Modules\\Col...', 'export_test_rep...')
#23 C:\xampp\htdocs\onlinetest\OnlineTestWeb\vendor\laravel\framework\src\Illuminate\Routing\Route.php(134): Illuminate\Routing\Route->runWithCustomDispatcher(Object(Illuminate\Http\Request))
#24 C:\xampp\htdocs\onlinetest\OnlineTestWeb\vendor\laravel\framework\src\Illuminate\Routing\Router.php(701): Illuminate\Routing\Route->run(Object(Illuminate\Http\Request))
#25 [internal function]: Illuminate\Routing\Router->Illuminate\Routing\{closure}(Object(Illuminate\Http\Request))
#26 C:\xampp\htdocs\onlinetest\OnlineTestWeb\vendor\laravel\framework\src\Illuminate\Pipeline\Pipeline.php(141): call_user_func(Object(Closure), Object(Illuminate\Http\Request))
#27 [internal function]: Illuminate\Pipeline\Pipeline->Illuminate\Pipeline\{closure}(Object(Illuminate\Http\Request))
#28 C:\xampp\htdocs\onlinetest\OnlineTestWeb\vendor\laravel\framework\src\Illuminate\Pipeline\Pipeline.php(101): call_user_func(Object(Closure), Object(Illuminate\Http\Request))
#29 C:\xampp\htdocs\onlinetest\OnlineTestWeb\vendor\laravel\framework\src\Illuminate\Routing\Router.php(703): Illuminate\Pipeline\Pipeline->then(Object(Closure))
#30 C:\xampp\htdocs\onlinetest\OnlineTestWeb\vendor\laravel\framework\src\Illuminate\Routing\Router.php(670): Illuminate\Routing\Router->runRouteWithinStack(Object(Illuminate\Routing\Route), Object(Illuminate\Http\Request))
#31 C:\xampp\htdocs\onlinetest\OnlineTestWeb\vendor\laravel\framework\src\Illuminate\Routing\Router.php(628): Illuminate\Routing\Router->dispatchToRoute(Object(Illuminate\Http\Request))
#32 C:\xampp\htdocs\onlinetest\OnlineTestWeb\vendor\laravel\framework\src\Illuminate\Foundation\Http\Kernel.php(214): Illuminate\Routing\Router->dispatch(Object(Illuminate\Http\Request))
#33 [internal function]: Illuminate\Foundation\Http\Kernel->Illuminate\Foundation\Http\{closure}(Object(Illuminate\Http\Request))
#34 C:\xampp\htdocs\onlinetest\OnlineTestWeb\vendor\laravel\framework\src\Illuminate\Pipeline\Pipeline.php(141): call_user_func(Object(Closure), Object(Illuminate\Http\Request))
#35 C:\xampp\htdocs\onlinetest\OnlineTestWeb\vendor\laravel\framework\src\Illuminate\View\Middleware\ShareErrorsFromSession.php(55): Illuminate\Pipeline\Pipeline->Illuminate\Pipeline\{closure}(Object(Illuminate\Http\Request))
#36 C:\xampp\htdocs\onlinetest\OnlineTestWeb\vendor\laravel\framework\src\Illuminate\Pipeline\Pipeline.php(125): Illuminate\View\Middleware\ShareErrorsFromSession->handle(Object(Illuminate\Http\Request), Object(Closure))
#37 C:\xampp\htdocs\onlinetest\OnlineTestWeb\vendor\laravel\framework\src\Illuminate\Session\Middleware\StartSession.php(61): Illuminate\Pipeline\Pipeline->Illuminate\Pipeline\{closure}(Object(Illuminate\Http\Request))
#38 C:\xampp\htdocs\onlinetest\OnlineTestWeb\vendor\laravel\framework\src\Illuminate\Pipeline\Pipeline.php(125): Illuminate\Session\Middleware\StartSession->handle(Object(Illuminate\Http\Request), Object(Closure))
#39 C:\xampp\htdocs\onlinetest\OnlineTestWeb\vendor\laravel\framework\src\Illuminate\Cookie\Middleware\AddQueuedCookiesToResponse.php(36): Illuminate\Pipeline\Pipeline->Illuminate\Pipeline\{closure}(Object(Illuminate\Http\Request))
#40 C:\xampp\htdocs\onlinetest\OnlineTestWeb\vendor\laravel\framework\src\Illuminate\Pipeline\Pipeline.php(125): Illuminate\Cookie\Middleware\AddQueuedCookiesToResponse->handle(Object(Illuminate\Http\Request), Object(Closure))
#41 C:\xampp\htdocs\onlinetest\OnlineTestWeb\vendor\laravel\framework\src\Illuminate\Cookie\Middleware\EncryptCookies.php(40): Illuminate\Pipeline\Pipeline->Illuminate\Pipeline\{closure}(Object(Illuminate\Http\Request))
#42 C:\xampp\htdocs\onlinetest\OnlineTestWeb\vendor\laravel\framework\src\Illuminate\Pipeline\Pipeline.php(125): Illuminate\Cookie\Middleware\EncryptCookies->handle(Object(Illuminate\Http\Request), Object(Closure))
#43 C:\xampp\htdocs\onlinetest\OnlineTestWeb\vendor\laravel\framework\src\Illuminate\Foundation\Http\Middleware\CheckForMaintenanceMode.php(42): Illuminate\Pipeline\Pipeline->Illuminate\Pipeline\{closure}(Object(Illuminate\Http\Request))
#44 C:\xampp\htdocs\onlinetest\OnlineTestWeb\vendor\laravel\framework\src\Illuminate\Pipeline\Pipeline.php(125): Illuminate\Foundation\Http\Middleware\CheckForMaintenanceMode->handle(Object(Illuminate\Http\Request), Object(Closure))
#45 [internal function]: Illuminate\Pipeline\Pipeline->Illuminate\Pipeline\{closure}(Object(Illuminate\Http\Request))
#46 C:\xampp\htdocs\onlinetest\OnlineTestWeb\vendor\laravel\framework\src\Illuminate\Pipeline\Pipeline.php(101): call_user_func(Object(Closure), Object(Illuminate\Http\Request))
#47 C:\xampp\htdocs\onlinetest\OnlineTestWeb\vendor\laravel\framework\src\Illuminate\Foundation\Http\Kernel.php(115): Illuminate\Pipeline\Pipeline->then(Object(Closure))
#48 C:\xampp\htdocs\onlinetest\OnlineTestWeb\vendor\laravel\framework\src\Illuminate\Foundation\Http\Kernel.php(84): Illuminate\Foundation\Http\Kernel->sendRequestThroughRouter(Object(Illuminate\Http\Request))
#49 C:\xampp\htdocs\onlinetest\OnlineTestWeb\public\index.php(55): Illuminate\Foundation\Http\Kernel->handle(Object(Illuminate\Http\Request))
#50 {main}  
